<?xml version="1.0" encoding="UTF-8"?>
<testng-results skipped="0" failed="0" ignored="0" total="3" passed="3">
  <reporter-output>
  </reporter-output>
  <suite name="Suite" duration-ms="173617" started-at="2019-11-05T10:51:57Z" finished-at="2019-11-05T10:54:51Z">
    <groups>
    </groups>
    <test name="Test" duration-ms="173617" started-at="2019-11-05T10:51:57Z" finished-at="2019-11-05T10:54:51Z">
      <class name="scripts.Acti_time">
        <test-method status="PASS" signature="openappln()[pri:0, instance:scripts.Acti_time@1c53fd30]" name="openappln" is-config="true" duration-ms="23852" started-at="2019-11-05T16:24:13Z" finished-at="2019-11-05T16:24:37Z">
          <reporter-output>
          </reporter-output>
        </test-method> <!-- openappln -->
        <test-method status="PASS" signature="test()[pri:0, instance:scripts.Acti_time@1c53fd30]" name="test" duration-ms="8280" started-at="2019-11-05T16:24:37Z" finished-at="2019-11-05T16:24:45Z">
          <reporter-output>
          </reporter-output>
        </test-method> <!-- test -->
        <test-method status="PASS" signature="closeappln()[pri:0, instance:scripts.Acti_time@1c53fd30]" name="closeappln" is-config="true" duration-ms="5627" started-at="2019-11-05T16:24:45Z" finished-at="2019-11-05T16:24:51Z">
          <reporter-output>
          </reporter-output>
        </test-method> <!-- closeappln -->
      </class> <!-- scripts.Acti_time -->
      <class name="scripts.Acti_time3">
        <test-method status="PASS" signature="openappln()[pri:0, instance:scripts.Acti_time3@5f150435]" name="openappln" is-config="true" duration-ms="39376" started-at="2019-11-05T16:22:59Z" finished-at="2019-11-05T16:23:38Z">
          <reporter-output>
          </reporter-output>
        </test-method> <!-- openappln -->
        <test-method status="PASS" signature="test()[pri:0, instance:scripts.Acti_time3@5f150435]" name="test" duration-ms="26328" started-at="2019-11-05T16:23:38Z" finished-at="2019-11-05T16:24:05Z">
          <reporter-output>
          </reporter-output>
        </test-method> <!-- test -->
        <test-method status="PASS" signature="closeappln()[pri:0, instance:scripts.Acti_time3@5f150435]" name="closeappln" is-config="true" duration-ms="8294" started-at="2019-11-05T16:24:05Z" finished-at="2019-11-05T16:24:13Z">
          <reporter-output>
          </reporter-output>
        </test-method> <!-- closeappln -->
      </class> <!-- scripts.Acti_time3 -->
      <class name="scripts.Acti_time2">
        <test-method status="PASS" signature="openappln()[pri:0, instance:scripts.Acti_time2@2ac1fdc4]" name="openappln" is-config="true" duration-ms="44054" started-at="2019-11-05T16:21:57Z" finished-at="2019-11-05T16:22:41Z">
          <reporter-output>
          </reporter-output>
        </test-method> <!-- openappln -->
        <test-method status="PASS" signature="test()[pri:0, instance:scripts.Acti_time2@2ac1fdc4]" name="test" duration-ms="6966" started-at="2019-11-05T16:22:41Z" finished-at="2019-11-05T16:22:48Z">
          <reporter-output>
          </reporter-output>
        </test-method> <!-- test -->
        <test-method status="PASS" signature="closeappln()[pri:0, instance:scripts.Acti_time2@2ac1fdc4]" name="closeappln" is-config="true" duration-ms="10778" started-at="2019-11-05T16:22:48Z" finished-at="2019-11-05T16:22:59Z">
          <reporter-output>
          </reporter-output>
        </test-method> <!-- closeappln -->
      </class> <!-- scripts.Acti_time2 -->
    </test> <!-- Test -->
  </suite> <!-- Suite -->
</testng-results>
